ERROR - Active Model, linenum 1 :  Keyword 'DRAWING_TEXT_COLOR' is not valid.
ERROR - Active Model, linenum 5 :  Keyword 'AUX_VIEW_NOTE_FORMAT' is not valid.
ERROR - Active Model, linenum 6 :  Keyword 'BROKEN_VIEW_OFFSET' is not valid.
ERROR - Active Model, linenum 7 :  Keyword 'CREATE_AREA_UNFOLD_SEGMENTED' is not valid.
ERROR - Active Model, linenum 8 :  Keyword 'DEF_VIEW_TEXT_HEIGHT' is not valid.
ERROR - Active Model, linenum 9 :  Keyword 'DEF_VIEW_TEXT_THICKNESS' is not valid.
ERROR - Active Model, linenum 10:  Keyword 'DEFAULT_DETAIL_VIEW_NAME_STYLE' is not valid.
ERROR - Active Model, linenum 11:  Keyword 'DEFAULT_VIEW_LABEL_PLACEMENT' is not valid.
ERROR - Active Model, linenum 12:  Keyword 'DEFAULT_VIEW_NOTE_ORIENTATION' is not valid.
ERROR - Active Model, linenum 13:  Keyword 'DETAIL_CIRCLE_LINE_STYLE' is not valid.
ERROR - Active Model, linenum 14:  Keyword 'DETAIL_CIRCLE_NOTE_TEXT' is not valid.
ERROR - Active Model, linenum 15:  Keyword 'DETAIL_VIEW_BOUNDARY_TYPE' is not valid.
ERROR - Active Model, linenum 16:  Keyword 'DETAIL_VIEW_CIRCLE' is not valid.
ERROR - Active Model, linenum 17:  Keyword 'DETAIL_VIEW_SCALE_FACTOR' is not valid.
ERROR - Active Model, linenum 18:  Keyword 'HALF_VIEW_LINE' is not valid.
ERROR - Active Model, linenum 19:  Keyword 'MODEL_DISPLAY_FOR_NEW_VIEWS' is not valid.
ERROR - Active Model, linenum 20:  Keyword 'PROJECTION_TYPE' is not valid.
ERROR - Active Model, linenum 21:  Keyword 'SHOW_TOTAL_UNFOLD_SEAM' is not valid.
ERROR - Active Model, linenum 22:  Keyword 'TAN_EDGE_DISPLAY_FOR_NEW_VIEWS' is not valid.
ERROR - Active Model, linenum 23:  Keyword 'VIEW_NOTE' is not valid.
ERROR - Active Model, linenum 24:  Keyword 'VIEW_SCALE_DENOMINATOR' is not valid.
ERROR - Active Model, linenum 25:  Keyword 'VIEW_SCALE_FORMAT' is not valid.
ERROR - Active Model, linenum 26:  Keyword 'CROSSEC_ARROW_LENGTH' is not valid.
ERROR - Active Model, linenum 27:  Keyword 'CROSSEC_ARROW_STYLE' is not valid.
ERROR - Active Model, linenum 28:  Keyword 'CROSSEC_ARROW_WIDTH' is not valid.
ERROR - Active Model, linenum 29:  Keyword 'CROSSEC_TEXT_PLACE' is not valid.
ERROR - Active Model, linenum 30:  Keyword 'CROSSEC_TYPE' is not valid.
ERROR - Active Model, linenum 31:  Keyword 'CUTTING_LINE' is not valid.
ERROR - Active Model, linenum 32:  Keyword 'CUTTING_LINE_ADAPT' is not valid.
ERROR - Active Model, linenum 33:  Keyword 'CUTTING_LINE_SEGMENT' is not valid.
ERROR - Active Model, linenum 34:  Keyword 'CUTTING_LINE_SEGMENT_THICKNESS' is not valid.
ERROR - Active Model, linenum 35:  Keyword 'DEF_XHATCH_BREAK_AROUND_TEXT' is not valid.
ERROR - Active Model, linenum 36:  Keyword 'DEF_XHATCH_BREAK_MARGIN_SIZE' is not valid.
ERROR - Active Model, linenum 37:  Keyword 'DEFAULT_SHOW_2D_SECTION_XHATCH' is not valid.
ERROR - Active Model, linenum 38:  Keyword 'DEFAULT_SHOW_3D_SECTION_XHATCH' is not valid.
ERROR - Active Model, linenum 39:  Keyword 'DRAW_COSMS_IN_AREA_XSEC' is not valid.
ERROR - Active Model, linenum 40:  Keyword 'HALF_SECTION_LINE' is not valid.
ERROR - Active Model, linenum 41:  Keyword 'REMOVE_COSMS_FROM_XSECS' is not valid.
ERROR - Active Model, linenum 42:  Keyword 'SHOW_QUILTS_IN_TOTAL_XSECS' is not valid.
ERROR - Active Model, linenum 43:  Keyword 'DATUM_POINT_SHAPE' is not valid.
ERROR - Active Model, linenum 44:  Keyword 'DATUM_POINT_SIZE' is not valid.
ERROR - Active Model, linenum 45:  Keyword 'HIDDEN_TANGENT_EDGES' is not valid.
ERROR - Active Model, linenum 46:  Keyword 'HLR_FOR_DATUM_CURVES' is not valid.
ERROR - Active Model, linenum 47:  Keyword 'HLR_FOR_PIPE_SOLID_CL' is not valid.
ERROR - Active Model, linenum 48:  Keyword 'HLR_FOR_THREADS' is not valid.
ERROR - Active Model, linenum 49:  Keyword 'LOCATION_RADIUS' is not valid.
ERROR - Active Model, linenum 50:  Keyword 'MESH_SURFACE_LINES' is not valid.
ERROR - Active Model, linenum 51:  Keyword 'PIPE_INSULATION_SOLID_XSEC' is not valid.
ERROR - Active Model, linenum 52:  Keyword 'THREAD_STANDARD' is not valid.
ERROR - Active Model, linenum 53:  Keyword 'WELD_LIGHT_XSEC' is not valid.
ERROR - Active Model, linenum 54:  Keyword 'WELD_SOLID_XSEC' is not valid.
ERROR - Active Model, linenum 55:  Keyword 'ALLOW_3D_DIMENSIONS' is not valid.
ERROR - Active Model, linenum 57:  Keyword 'ASSOCIATIVE_DIMENSIONING' is not valid.
ERROR - Active Model, linenum 61:  Keyword 'CLIP_DIAM_DIMENSIONS' is not valid.
ERROR - Active Model, linenum 62:  Keyword 'CLIP_DIM_ARROW_STYLE' is not valid.
ERROR - Active Model, linenum 63:  Keyword 'CLIP_DIMENSIONS' is not valid.
ERROR - Active Model, linenum 66:  Keyword 'DEFAULT_CLEAN_DIM_INCREMENT' is not valid.
ERROR - Active Model, linenum 67:  Keyword 'DEFAULT_CLEAN_DIM_OFFSET' is not valid.
ERROR - Active Model, linenum 75:  Keyword 'DEFAULT_Z_RADIUS_CENTER_SYMBOL' is not valid.
ERROR - Active Model, linenum 76:  Keyword 'DIM_FRACTION_FORMAT' is not valid.
ERROR - Active Model, linenum 77:  Keyword 'DIM_LEADER_LENGTH' is not valid.
ERROR - Active Model, linenum 80:  Keyword 'DRAFT_SCALE' is not valid.
ERROR - Active Model, linenum 90:  Keyword 'RADIAL_DIMENSION_DISPLAY' is not valid.
ERROR - Active Model, linenum 91:  Keyword 'SHRINKAGE_VALUE_DISPLAY' is not valid.
ERROR - Active Model, linenum 93:  Keyword 'WITNESS_LINE_DELTA' is not valid.
ERROR - Active Model, linenum 94:  Keyword 'WITNESS_LINE_INTERSECTION' is not valid.
ERROR - Active Model, linenum 95:  Keyword 'WITNESS_LINE_OFFSET' is not valid.
ERROR - Active Model, linenum 100:  Keyword 'DRAW_ARROW_LENGTH' is not valid.
ERROR - Active Model, linenum 101:  Keyword 'DRAW_ARROW_WIDTH' is not valid.
ERROR - Active Model, linenum 102:  Keyword 'DRAW_ATTACH_SYM_HEIGHT' is not valid.
ERROR - Active Model, linenum 103:  Keyword 'DRAW_ATTACH_SYM_WIDTH' is not valid.
ERROR - Active Model, linenum 104:  Keyword 'DRAW_DOT_DIAMETER' is not valid.
ERROR - Active Model, linenum 105:  Keyword 'LEADER_ELBOW_LENGTH' is not valid.
ERROR - Active Model, linenum 106:  Keyword 'LEADER_EXTENSION_FONT' is not valid.
ERROR - Active Model, linenum 107:  Keyword 'SET_DATUM_LEADER_LENGTH' is not valid.
ERROR - Active Model, linenum 108:  Keyword 'AXIS_INTERIOR_CLIPPING' is not valid.
ERROR - Active Model, linenum 109:  Keyword 'AXIS_LINE_OFFSET' is not valid.
ERROR - Active Model, linenum 110:  Keyword 'CIRCLE_AXIS_OFFSET' is not valid.
ERROR - Active Model, linenum 111:  Keyword 'RADIAL_PATTERN_AXIS_CIRCLE' is not valid.
ERROR - Active Model, linenum 112:  Keyword 'ASME_DTM_ON_DIA_DIM_GTOL' is not valid.
ERROR - Active Model, linenum 113:  Keyword 'GTOL_DATUM_PLACEMENT_DEFAULT' is not valid.
ERROR - Active Model, linenum 114:  Keyword 'GTOL_DATUMS' is not valid.
ERROR - Active Model, linenum 116:  Keyword 'GTOL_DISPLAY_STYLE' is not valid.
ERROR - Active Model, linenum 118:  Keyword 'NEW_ISO_SET_DATUMS' is not valid.
ERROR - Active Model, linenum 120:  Keyword 'STACKED_GTOL_ALIGN' is not valid.
ERROR - Active Model, linenum 121:  Keyword '2D_REGION_COLUMNS_FIT_TEXT' is not valid.
ERROR - Active Model, linenum 122:  Keyword 'DASH_SUPP_DIMS_IN_REGION' is not valid.
ERROR - Active Model, linenum 123:  Keyword 'DEF_BOM_BALLOONS_ATTACHMENT' is not valid.
ERROR - Active Model, linenum 124:  Keyword 'DEF_BOM_BALLOONS_EDGE_ATT_SYM' is not valid.
ERROR - Active Model, linenum 125:  Keyword 'DEF_BOM_BALLOONS_SNAP_LINES' is not valid.
ERROR - Active Model, linenum 126:  Keyword 'DEF_BOM_BALLOONS_STAGGER' is not valid.
ERROR - Active Model, linenum 127:  Keyword 'DEF_BOM_BALLOONS_STAGGER_VALUE' is not valid.
ERROR - Active Model, linenum 128:  Keyword 'DEF_BOM_BALLOONS_SURF_ATT_SYM' is not valid.
ERROR - Active Model, linenum 129:  Keyword 'DEF_BOM_BALLOONS_VIEW_OFFSET' is not valid.
ERROR - Active Model, linenum 130:  Keyword 'DEFAULT_BOM_BALLOON_TYPE' is not valid.
ERROR - Active Model, linenum 131:  Keyword 'DEFAULT_TABLE_COLUMN_WIDTH' is not valid.
ERROR - Active Model, linenum 132:  Keyword 'DEFAULT_TABLE_COLUMNS' is not valid.
ERROR - Active Model, linenum 133:  Keyword 'DEFAULT_TABLE_ROW_HEIGHT' is not valid.
ERROR - Active Model, linenum 134:  Keyword 'DEFAULT_TABLE_ROWS' is not valid.
ERROR - Active Model, linenum 135:  Keyword 'MIN_DIST_BETWEEN_BOM_BALLOONS' is not valid.
ERROR - Active Model, linenum 136:  Keyword 'MODEL_DIGITS_IN_REGION' is not valid.
ERROR - Active Model, linenum 137:  Keyword 'REFERENCE_BOM_BALLOON_TEXT' is not valid.
ERROR - Active Model, linenum 138:  Keyword 'SHOW_CBL_TERM_IN_REGION' is not valid.
ERROR - Active Model, linenum 139:  Keyword 'SHOW_DIM_SIGN_IN_TABLES' is not valid.
ERROR - Active Model, linenum 140:  Keyword 'SORT_METHOD_IN_REGION' is not valid.
ERROR - Active Model, linenum 141:  Keyword 'ZERO_QUANTITY_CELL_FORMAT' is not valid.
ERROR - Active Model, linenum 142:  Keyword 'DRAW_LAYER_OVERRIDES_MODEL' is not valid.
ERROR - Active Model, linenum 143:  Keyword 'IGNORE_MODEL_LAYER_STATUS' is not valid.
ERROR - Active Model, linenum 144:  Keyword 'MODEL_GRID_BALLOON_DISPLAY' is not valid.
ERROR - Active Model, linenum 145:  Keyword 'MODEL_GRID_BALLOON_SIZE' is not valid.
ERROR - Active Model, linenum 146:  Keyword 'MODEL_GRID_NEG_PREFIX' is not valid.
ERROR - Active Model, linenum 147:  Keyword 'MODEL_GRID_NUM_DIG_DISPLAY' is not valid.
ERROR - Active Model, linenum 148:  Keyword 'MODEL_GRID_OFFSET' is not valid.
ERROR - Active Model, linenum 149:  Keyword 'MODEL_GRID_TEXT_ORIENTATION' is not valid.
ERROR - Active Model, linenum 150:  Keyword 'MODEL_GRID_TEXT_POSITION' is not valid.
ERROR - Active Model, linenum 151:  Keyword 'PIPE_PT_LINE_STYLE' is not valid.
ERROR - Active Model, linenum 152:  Keyword 'PIPE_PT_SHAPE' is not valid.
ERROR - Active Model, linenum 153:  Keyword 'PIPE_PT_SIZE' is not valid.
ERROR - Active Model, linenum 154:  Keyword 'SHOW_PIPE_THEOR_CL_PTS' is not valid.
ERROR - Active Model, linenum 155:  Keyword 'BLANK_ZERO_TOLERANCE' is not valid.
ERROR - Active Model, linenum 160:  Keyword 'TOL_DISPLAY' is not valid.
ERROR - Active Model, linenum 164:  Keyword 'DEFAULT_PIPE_BEND_NOTE' is not valid.
ERROR - Active Model, linenum 165:  Keyword 'DRAWING_UNITS' is not valid.
ERROR - Active Model, linenum 166:  Keyword 'HARN_TANG_LINE_DISPLAY' is not valid.
ERROR - Active Model, linenum 167:  Keyword 'LINE_STYLE_STANDARD' is not valid.
ERROR - Active Model, linenum 168:  Keyword 'MAX_BALLOON_RADIUS' is not valid.
ERROR - Active Model, linenum 169:  Keyword 'MIN_BALLOON_RADIUS' is not valid.
ERROR - Active Model, linenum 170:  Keyword 'NODE_RADIUS' is not valid.
ERROR - Active Model, linenum 171:  Keyword 'POS_LOC_FORMAT' is not valid.
ERROR - Active Model, linenum 172:  Keyword 'SYM_FLIP_ROTATED_TEXT' is not valid.
ERROR - Active Model, linenum 173:  Keyword 'WELD_SPOT_SIDE_SIGNIFICANT' is not valid.
ERROR - Active Model, linenum 174:  Keyword 'WELD_SYMBOL_STANDARD' is not valid.
ERROR - Active Model, linenum 175:  Keyword 'YES_NO_PARAMETER_DISPLAY' is not valid.
